Analysis & Synthesis report for light
Thu May 31 15:44:57 2018
Version 5.1 Build 176 10/26/2005 SJ Full Version


---------------------
; Table of Contents ;
---------------------
  1. Legal Notice
  2. Analysis & Synthesis Summary
  3. Analysis & Synthesis Settings
  4. Analysis & Synthesis Source Files Read
  5. Analysis & Synthesis Resource Usage Summary
  6. Analysis & Synthesis Resource Utilization by Entity
  7. State Machine - |light|flag
  8. General Register Statistics
  9. Multiplexer Restructuring Statistics (Restructuring Performed)
 10. Parameter Settings for User Entity Instance: Top-level Entity: |light
 11. Analysis & Synthesis Equations
 12. Analysis & Synthesis Messages



----------------
; Legal Notice ;
----------------
Copyright (C) 1991-2005 Altera Corporation
Your use of Altera Corporation's design tools, logic functions 
and other software and tools, and its AMPP partner logic 
functions, and any output files any of the foregoing 
(including device programming or simulation files), and any 
associated documentation or information are expressly subject 
to the terms and conditions of the Altera Program License 
Subscription Agreement, Altera MegaCore Function License 
Agreement, or other applicable license agreement, including, 
without limitation, that your use is for the sole purpose of 
programming logic devices manufactured by Altera and sold by 
Altera or its authorized distributors.  Please refer to the 
applicable agreement for further details.



+-------------------------------------------------------------------------------+
; Analysis & Synthesis Summary                                                  ;
+------------------------------------+------------------------------------------+
; Analysis & Synthesis Status        ; Successful - Thu May 31 15:44:57 2018    ;
; Quartus II Version                 ; 5.1 Build 176 10/26/2005 SJ Full Version ;
; Revision Name                      ; light                                    ;
; Top-level Entity Name              ; light                                    ;
; Family                             ; Cyclone II                               ;
; Total combinational functions      ; 104                                      ;
; Total registers                    ; 65                                       ;
; Total pins                         ; 9                                        ;
; Total virtual pins                 ; 0                                        ;
; Total memory bits                  ; 0                                        ;
; Embedded Multiplier 9-bit elements ; 0                                        ;
; Total PLLs                         ; 0                                        ;
+------------------------------------+------------------------------------------+


+--------------------------------------------------------------------------------------------------------------+
; Analysis & Synthesis Settings                                                                                ;
+--------------------------------------------------------------------+--------------------+--------------------+
; Option                                                             ; Setting            ; Default Value      ;
+--------------------------------------------------------------------+--------------------+--------------------+
; Device                                                             ; EP2C5T144C8        ;                    ;
; Top-level entity name                                              ; light              ; light              ;
; Family name                                                        ; Cyclone II         ; Stratix            ;
; Use smart compilation                                              ; Off                ; Off                ;
; Restructure Multiplexers                                           ; Auto               ; Auto               ;
; Create Debugging Nodes for IP Cores                                ; Off                ; Off                ;
; Preserve fewer node names                                          ; On                 ; On                 ;
; Disable OpenCore Plus hardware evaluation                          ; Off                ; Off                ;
; Verilog Version                                                    ; Verilog_2001       ; Verilog_2001       ;
; VHDL Version                                                       ; VHDL93             ; VHDL93             ;
; State Machine Processing                                           ; Auto               ; Auto               ;
; Extract Verilog State Machines                                     ; On                 ; On                 ;
; Extract VHDL State Machines                                        ; On                 ; On                 ;
; Add Pass-Through Logic to Inferred RAMs                            ; On                 ; On                 ;
; DSP Block Balancing                                                ; Auto               ; Auto               ;
; Maximum DSP Block Usage                                            ; -1                 ; -1                 ;
; NOT Gate Push-Back                                                 ; On                 ; On                 ;
; Power-Up Don't Care                                                ; On                 ; On                 ;
; Remove Redundant Logic Cells                                       ; Off                ; Off                ;
; Remove Duplicate Registers                                         ; On                 ; On                 ;
; Ignore CARRY Buffers                                               ; Off                ; Off                ;
; Ignore CASCADE Buffers                                             ; Off                ; Off                ;
; Ignore GLOBAL Buffers                                              ; Off                ; Off                ;
; Ignore ROW GLOBAL Buffers                                          ; Off                ; Off                ;
; Ignore LCELL Buffers                                               ; Off                ; Off                ;
; Ignore SOFT Buffers                                                ; On                 ; On                 ;
; Limit AHDL Integers to 32 Bits                                     ; Off                ; Off                ;
; Optimization Technique -- Cyclone II                               ; Balanced           ; Balanced           ;
; Carry Chain Length -- Stratix/Stratix GX/Cyclone/MAX II/Cyclone II ; 70                 ; 70                 ;
; Auto Carry Chains                                                  ; On                 ; On                 ;
; Auto Open-Drain Pins                                               ; On                 ; On                 ;
; Remove Duplicate Logic                                             ; On                 ; On                 ;
; Perform WYSIWYG Primitive Resynthesis                              ; Off                ; Off                ;
; Perform gate-level register retiming                               ; Off                ; Off                ;
; Allow register retiming to trade off Tsu/Tco with Fmax             ; On                 ; On                 ;
; Auto ROM Replacement                                               ; On                 ; On                 ;
; Auto RAM Replacement                                               ; On                 ; On                 ;
; Auto Shift Register Replacement                                    ; On                 ; On                 ;
; Auto Clock Enable Replacement                                      ; On                 ; On                 ;
; Allow Synchronous Control Signals                                  ; On                 ; On                 ;
; Force Use of Synchronous Clear Signals                             ; Off                ; Off                ;
; Auto Resource Sharing                                              ; Off                ; Off                ;
; Allow Any RAM Size For Recognition                                 ; Off                ; Off                ;
; Allow Any ROM Size For Recognition                                 ; Off                ; Off                ;
; Allow Any Shift Register Size For Recognition                      ; Off                ; Off                ;
; Maximum Number of M4K Memory Blocks                                ; -1                 ; -1                 ;
; Ignore translate_off and translate_on Synthesis Directives         ; Off                ; Off                ;
; Show Parameter Settings Tables in Synthesis Report                 ; On                 ; On                 ;
; Ignore Maximum Fan-Out Assignments                                 ; Off                ; Off                ;
; Retiming Meta-Stability Register Sequence Length                   ; 2                  ; 2                  ;
; PowerPlay Power Optimization                                       ; Normal compilation ; Normal compilation ;
; HDL message level                                                  ; Level2             ; Level2             ;
+--------------------------------------------------------------------+--------------------+--------------------+


+------------------------------------------------------------------------------------------------------------+
; Analysis & Synthesis Source Files Read                                                                     ;
+----------------------------------+-----------------+------------------------+------------------------------+
; File Name with User-Entered Path ; Used in Netlist ; File Type              ; File Name with Absolute Path ;
+----------------------------------+-----------------+------------------------+------------------------------+
; light.v                          ; yes             ; User Verilog HDL File  ; E:/light/light.v             ;
+----------------------------------+-----------------+------------------------+------------------------------+


+---------------------------------------------------------+
; Analysis & Synthesis Resource Usage Summary             ;
+---------------------------------------------+-----------+
; Resource                                    ; Usage     ;
+---------------------------------------------+-----------+
; Total combinational functions               ; 104       ;
; Logic element usage by number of LUT inputs ;           ;
;     -- 4 input functions                    ; 23        ;
;     -- 3 input functions                    ; 26        ;
;     -- <=2 input functions                  ; 55        ;
;         -- Combinational cells for routing  ; 0         ;
; Logic elements by mode                      ;           ;
;     -- normal mode                          ; 55        ;
;     -- arithmetic mode                      ; 49        ;
; Total registers                             ; 65        ;
; I/O pins                                    ; 9         ;
; Maximum fan-out node                        ; clk100khz ;
; Maximum fan-out                             ; 52        ;
; Total fan-out                               ; 440       ;
; Average fan-out                             ; 2.47      ;
+---------------------------------------------+-----------+


+--------------------------------------------------------------------------------------------------------------------------------------------------------------+
; Analysis & Synthesis Resource Utilization by Entity                                                                                                          ;
+----------------------------+-------------------+--------------+-------------+--------------+---------+-----------+------+--------------+---------------------+
; Compilation Hierarchy Node ; LC Combinationals ; LC Registers ; Memory Bits ; DSP Elements ; DSP 9x9 ; DSP 18x18 ; Pins ; Virtual Pins ; Full Hierarchy Name ;
+----------------------------+-------------------+--------------+-------------+--------------+---------+-----------+------+--------------+---------------------+
; |light                     ; 104 (104)         ; 65 (65)      ; 0           ; 0            ; 0       ; 0         ; 9    ; 0            ; |light              ;
+----------------------------+-------------------+--------------+-------------+--------------+---------+-----------+------+--------------+---------------------+
Note: For table entries with two numbers listed, the numbers in parentheses indicate the number of resources of the given type used by the specific entity alone. The numbers listed outside of parentheses indicate the total resources of the given type used by the specific entity and all of its sub-entities in the hierarchy.


+-------------------------------------------------+
; State Machine - |light|flag                     ;
+---------+---------+---------+---------+---------+
; Name    ; flag.11 ; flag.01 ; flag.10 ; flag.00 ;
+---------+---------+---------+---------+---------+
; flag.00 ; 0       ; 0       ; 0       ; 0       ;
; flag.10 ; 0       ; 0       ; 1       ; 1       ;
; flag.01 ; 0       ; 1       ; 0       ; 1       ;
; flag.11 ; 1       ; 0       ; 0       ; 1       ;
+---------+---------+---------+---------+---------+


+------------------------------------------------------+
; General Register Statistics                          ;
+----------------------------------------------+-------+
; Statistic                                    ; Value ;
+----------------------------------------------+-------+
; Total registers                              ; 65    ;
; Number of registers using Synchronous Clear  ; 0     ;
; Number of registers using Synchronous Load   ; 8     ;
; Number of registers using Asynchronous Clear ; 0     ;
; Number of registers using Asynchronous Load  ; 0     ;
; Number of registers using Clock Enable       ; 8     ;
; Number of registers using Preset             ; 0     ;
+----------------------------------------------+-------+


+------------------------------------------------------------------------------------------------------------------------------------------+
; Multiplexer Restructuring Statistics (Restructuring Performed)                                                                           ;
+--------------------+-----------+---------------+----------------------+------------------------+------------+----------------------------+
; Multiplexer Inputs ; Bus Width ; Baseline Area ; Area if Restructured ; Saving if Restructured ; Registered ; Example Multiplexer Output ;
+--------------------+-----------+---------------+----------------------+------------------------+------------+----------------------------+
; 5:1                ; 6 bits    ; 18 LEs        ; 12 LEs               ; 6 LEs                  ; Yes        ; |light|light[1]~reg0       ;
; 6:1                ; 2 bits    ; 8 LEs         ; 4 LEs                ; 4 LEs                  ; No         ; |light|flag~24             ;
; 8:1                ; 2 bits    ; 10 LEs        ; 4 LEs                ; 6 LEs                  ; No         ; |light|flag~22             ;
+--------------------+-----------+---------------+----------------------+------------------------+------------+----------------------------+


+-----------------------------------------------------------------------+
; Parameter Settings for User Entity Instance: Top-level Entity: |light ;
+----------------+-------+----------------------------------------------+
; Parameter Name ; Value ; Type                                         ;
+----------------+-------+----------------------------------------------+
; len            ; 7     ; Integer                                      ;
+----------------+-------+----------------------------------------------+
Note: In order to hide this table in the UI and the text report file, please set the "Show Parameter Settings Tables in Synthesis Report" option in "Analysis and Synthesis Settings -> More Settings" to "Off".


+--------------------------------+
; Analysis & Synthesis Equations ;
+--------------------------------+
The equations can be found in E:/light/light.map.eqn.


+-------------------------------+
; Analysis & Synthesis Messages ;
+-------------------------------+
Info: *******************************************************************
Info: Running Quartus II Analysis & Synthesis
    Info: Version 5.1 Build 176 10/26/2005 SJ Full Version
    Info: Processing started: Thu May 31 15:44:57 2018
Info: Command: quartus_map --read_settings_files=on --write_settings_files=off light -c light
Warning (10268): Verilog HDL information at light.v(13): Always Construct contains both blocking and non-blocking assignments
Warning (10268): Verilog HDL information at light.v(21): Always Construct contains both blocking and non-blocking assignments
Warning (10268): Verilog HDL information at light.v(37): Always Construct contains both blocking and non-blocking assignments
Info: Found 1 design units, including 1 entities, in source file light.v
    Info: Found entity 1: light
Info: Elaborating entity "light" for the top level hierarchy
Warning (10101): Verilog HDL unsupported feature warning at light.v(11): Initial Construct is not supported and will be ignored
Info: State machine "|light|flag" contains 4 states
Info: Selected Auto state machine encoding method for state machine "|light|flag"
Info: Encoding result for state machine "|light|flag"
    Info: Completed encoding using 4 state bits
        Info: Encoded state bit "flag.11"
        Info: Encoded state bit "flag.01"
        Info: Encoded state bit "flag.10"
        Info: Encoded state bit "flag.00"
    Info: State "|light|flag.00" uses code string "0000"
    Info: State "|light|flag.10" uses code string "0011"
    Info: State "|light|flag.01" uses code string "0101"
    Info: State "|light|flag.11" uses code string "1001"
Info: Duplicate registers merged to single register
    Info: Duplicate register "count[0]" merged to single register "count1[0]"
    Info: Duplicate register "count[1]" merged to single register "count1[1]"
Info: Duplicate registers merged to single register
    Info: Duplicate register "count[2]" merged to single register "count1[2]"
Info: Implemented 114 device resources after synthesis - the final resource count might be different
    Info: Implemented 1 input pins
    Info: Implemented 8 output pins
    Info: Implemented 105 logic cells
Info: Quartus II Analysis & Synthesis was successful. 0 errors, 4 warnings
    Info: Processing ended: Thu May 31 15:44:57 2018
    Info: Elapsed time: 00:00:01


