Timing Analyzer report for light
Thu May 31 15:45:01 2018
Version 5.1 Build 176 10/26/2005 SJ Full Version


---------------------
; Table of Contents ;
---------------------
  1. Legal Notice
  2. Timing Analyzer Summary
  3. Timing Analyzer Settings
  4. Clock Settings Summary
  5. Clock Setup: 'clk100khz'
  6. tco
  7. Timing Analyzer Messages



----------------
; Legal Notice ;
----------------
Copyright (C) 1991-2005 Altera Corporation
Your use of Altera Corporation's design tools, logic functions 
and other software and tools, and its AMPP partner logic 
functions, and any output files any of the foregoing 
(including device programming or simulation files), and any 
associated documentation or information are expressly subject 
to the terms and conditions of the Altera Program License 
Subscription Agreement, Altera MegaCore Function License 
Agreement, or other applicable license agreement, including, 
without limitation, that your use is for the sole purpose of 
programming logic devices manufactured by Altera and sold by 
Altera or its authorized distributors.  Please refer to the 
applicable agreement for further details.



+------------------------------------------------------------------------------------------------------------------------------------------------------------+
; Timing Analyzer Summary                                                                                                                                    ;
+------------------------------+-------+---------------+----------------------------------+---------------+----------+------------+-----------+--------------+
; Type                         ; Slack ; Required Time ; Actual Time                      ; From          ; To       ; From Clock ; To Clock  ; Failed Paths ;
+------------------------------+-------+---------------+----------------------------------+---------------+----------+------------+-----------+--------------+
; Worst-case tco               ; N/A   ; None          ; 12.131 ns                        ; light[5]~reg0 ; light[5] ; clk100khz  ; --        ; 0            ;
; Clock Setup: 'clk100khz'     ; N/A   ; None          ; 102.27 MHz ( period = 9.778 ns ) ; flag.01       ; flag.10  ; clk100khz  ; clk100khz ; 0            ;
; Total number of failed paths ;       ;               ;                                  ;               ;          ;            ;           ; 0            ;
+------------------------------+-------+---------------+----------------------------------+---------------+----------+------------+-----------+--------------+


+------------------------------------------------------------------------------------------------------+
; Timing Analyzer Settings                                                                             ;
+-------------------------------------------------------+--------------------+------+----+-------------+
; Option                                                ; Setting            ; From ; To ; Entity Name ;
+-------------------------------------------------------+--------------------+------+----+-------------+
; Device Name                                           ; EP2C5T144C8        ;      ;    ;             ;
; Timing Models                                         ; Preliminary        ;      ;    ;             ;
; Number of source nodes to report per destination node ; 10                 ;      ;    ;             ;
; Number of destination nodes to report                 ; 10                 ;      ;    ;             ;
; Number of paths to report                             ; 200                ;      ;    ;             ;
; Report Minimum Timing Checks                          ; Off                ;      ;    ;             ;
; Use Fast Timing Models                                ; Off                ;      ;    ;             ;
; Report IO Paths Separately                            ; Off                ;      ;    ;             ;
; Default hold multicycle                               ; Same As Multicycle ;      ;    ;             ;
; Cut paths between unrelated clock domains             ; On                 ;      ;    ;             ;
; Cut off read during write signal paths                ; On                 ;      ;    ;             ;
; Cut off feedback from I/O pins                        ; On                 ;      ;    ;             ;
; Report Combined Fast/Slow Timing                      ; Off                ;      ;    ;             ;
; Ignore Clock Settings                                 ; Off                ;      ;    ;             ;
; Analyze latches as synchronous elements               ; On                 ;      ;    ;             ;
; Enable Recovery/Removal analysis                      ; Off                ;      ;    ;             ;
; Enable Clock Latency                                  ; Off                ;      ;    ;             ;
+-------------------------------------------------------+--------------------+------+----+-------------+


+------------------------------------------------------------------------------------------------------------------------------------------------------------------------------------+
; Clock Settings Summary                                                                                                                                                             ;
+-----------------+--------------------+----------+------------------+---------------+--------------+----------+-----------------------+---------------------+--------+--------------+
; Clock Node Name ; Clock Setting Name ; Type     ; Fmax Requirement ; Early Latency ; Late Latency ; Based on ; Multiply Base Fmax by ; Divide Base Fmax by ; Offset ; Phase offset ;
+-----------------+--------------------+----------+------------------+---------------+--------------+----------+-----------------------+---------------------+--------+--------------+
; clk100khz       ;                    ; User Pin ; None             ; 0.000 ns      ; 0.000 ns     ; --       ; N/A                   ; N/A                 ; N/A    ;              ;
+-----------------+--------------------+----------+------------------+---------------+--------------+----------+-----------------------+---------------------+--------+--------------+


+--------------------------------------------------------------------------------------------------------------------------------------------------------------------------------------------------------------------------------------------+
; Clock Setup: 'clk100khz'                                                                                                                                                                                                                   ;
+-----------------------------------------+-----------------------------------------------------+---------------+---------------+------------+-----------+-----------------------------+---------------------------+-------------------------+
; Slack                                   ; Actual fmax (period)                                ; From          ; To            ; From Clock ; To Clock  ; Required Setup Relationship ; Required Longest P2P Time ; Actual Longest P2P Time ;
+-----------------------------------------+-----------------------------------------------------+---------------+---------------+------------+-----------+-----------------------------+---------------------------+-------------------------+
; N/A                                     ; 102.27 MHz ( period = 9.778 ns )                    ; flag.01       ; flag.11       ; clk100khz  ; clk100khz ; None                        ; None                      ; 9.514 ns                ;
; N/A                                     ; 102.27 MHz ( period = 9.778 ns )                    ; flag.01       ; flag.10       ; clk100khz  ; clk100khz ; None                        ; None                      ; 9.514 ns                ;
; N/A                                     ; 114.35 MHz ( period = 8.745 ns )                    ; flag.10       ; flag.11       ; clk100khz  ; clk100khz ; None                        ; None                      ; 8.481 ns                ;
; N/A                                     ; 114.35 MHz ( period = 8.745 ns )                    ; flag.10       ; flag.10       ; clk100khz  ; clk100khz ; None                        ; None                      ; 8.481 ns                ;
; N/A                                     ; 121.20 MHz ( period = 8.251 ns )                    ; flag.11       ; flag.11       ; clk100khz  ; clk100khz ; None                        ; None                      ; 7.987 ns                ;
; N/A                                     ; 121.20 MHz ( period = 8.251 ns )                    ; flag.11       ; flag.10       ; clk100khz  ; clk100khz ; None                        ; None                      ; 7.987 ns                ;
; N/A                                     ; 122.87 MHz ( period = 8.139 ns )                    ; light[1]~reg0 ; flag.11       ; clk100khz  ; clk100khz ; None                        ; None                      ; 7.874 ns                ;
; N/A                                     ; 122.87 MHz ( period = 8.139 ns )                    ; light[1]~reg0 ; flag.10       ; clk100khz  ; clk100khz ; None                        ; None                      ; 7.874 ns                ;
; N/A                                     ; 124.91 MHz ( period = 8.006 ns )                    ; flag.00       ; flag.11       ; clk100khz  ; clk100khz ; None                        ; None                      ; 7.742 ns                ;
; N/A                                     ; 124.91 MHz ( period = 8.006 ns )                    ; flag.00       ; flag.10       ; clk100khz  ; clk100khz ; None                        ; None                      ; 7.742 ns                ;
; N/A                                     ; 183.76 MHz ( period = 5.442 ns )                    ; count1[0]     ; count1[7]     ; clk100khz  ; clk100khz ; None                        ; None                      ; 5.178 ns                ;
; N/A                                     ; 185.94 MHz ( period = 5.378 ns )                    ; count1[2]     ; count1[7]     ; clk100khz  ; clk100khz ; None                        ; None                      ; 5.114 ns                ;
; N/A                                     ; 187.37 MHz ( period = 5.337 ns )                    ; count[16]     ; count[15]     ; clk100khz  ; clk100khz ; None                        ; None                      ; 5.448 ns                ;
; N/A                                     ; 187.44 MHz ( period = 5.335 ns )                    ; count[16]     ; count[8]      ; clk100khz  ; clk100khz ; None                        ; None                      ; 5.446 ns                ;
; N/A                                     ; 187.44 MHz ( period = 5.335 ns )                    ; count[16]     ; count[9]      ; clk100khz  ; clk100khz ; None                        ; None                      ; 5.446 ns                ;
; N/A                                     ; 187.44 MHz ( period = 5.335 ns )                    ; count[16]     ; clk1          ; clk100khz  ; clk100khz ; None                        ; None                      ; 5.446 ns                ;
; N/A                                     ; 187.48 MHz ( period = 5.334 ns )                    ; count[16]     ; count[14]     ; clk100khz  ; clk100khz ; None                        ; None                      ; 5.445 ns                ;
; N/A                                     ; 189.07 MHz ( period = 5.289 ns )                    ; count1[0]     ; count[15]     ; clk100khz  ; clk100khz ; None                        ; None                      ; 5.355 ns                ;
; N/A                                     ; 189.14 MHz ( period = 5.287 ns )                    ; count1[0]     ; count[8]      ; clk100khz  ; clk100khz ; None                        ; None                      ; 5.353 ns                ;
; N/A                                     ; 189.14 MHz ( period = 5.287 ns )                    ; count1[0]     ; count[9]      ; clk100khz  ; clk100khz ; None                        ; None                      ; 5.353 ns                ;
; N/A                                     ; 189.14 MHz ( period = 5.287 ns )                    ; count1[0]     ; clk1          ; clk100khz  ; clk100khz ; None                        ; None                      ; 5.353 ns                ;
; N/A                                     ; 189.18 MHz ( period = 5.286 ns )                    ; count1[0]     ; count[14]     ; clk100khz  ; clk100khz ; None                        ; None                      ; 5.352 ns                ;
; N/A                                     ; 189.75 MHz ( period = 5.270 ns )                    ; count[16]     ; count[6]      ; clk100khz  ; clk100khz ; None                        ; None                      ; 5.011 ns                ;
; N/A                                     ; 190.99 MHz ( period = 5.236 ns )                    ; count1[1]     ; count[14]     ; clk100khz  ; clk100khz ; None                        ; None                      ; 5.302 ns                ;
; N/A                                     ; 191.42 MHz ( period = 5.224 ns )                    ; count1[2]     ; count[15]     ; clk100khz  ; clk100khz ; None                        ; None                      ; 5.290 ns                ;
; N/A                                     ; 191.50 MHz ( period = 5.222 ns )                    ; count1[2]     ; count[8]      ; clk100khz  ; clk100khz ; None                        ; None                      ; 5.288 ns                ;
; N/A                                     ; 191.50 MHz ( period = 5.222 ns )                    ; count1[0]     ; count[6]      ; clk100khz  ; clk100khz ; None                        ; None                      ; 4.918 ns                ;
; N/A                                     ; 191.50 MHz ( period = 5.222 ns )                    ; count1[2]     ; count[9]      ; clk100khz  ; clk100khz ; None                        ; None                      ; 5.288 ns                ;
; N/A                                     ; 191.50 MHz ( period = 5.222 ns )                    ; count1[2]     ; clk1          ; clk100khz  ; clk100khz ; None                        ; None                      ; 5.288 ns                ;
; N/A                                     ; 191.53 MHz ( period = 5.221 ns )                    ; count1[2]     ; count[14]     ; clk100khz  ; clk100khz ; None                        ; None                      ; 5.287 ns                ;
; N/A                                     ; 193.20 MHz ( period = 5.176 ns )                    ; count1[0]     ; count1[8]     ; clk100khz  ; clk100khz ; None                        ; None                      ; 5.242 ns                ;
; N/A                                     ; 193.27 MHz ( period = 5.174 ns )                    ; count1[0]     ; count1[12]    ; clk100khz  ; clk100khz ; None                        ; None                      ; 5.240 ns                ;
; N/A                                     ; 193.31 MHz ( period = 5.173 ns )                    ; count1[0]     ; count1[9]     ; clk100khz  ; clk100khz ; None                        ; None                      ; 5.239 ns                ;
; N/A                                     ; 193.31 MHz ( period = 5.173 ns )                    ; count1[0]     ; clk2          ; clk100khz  ; clk100khz ; None                        ; None                      ; 5.239 ns                ;
; N/A                                     ; 193.35 MHz ( period = 5.172 ns )                    ; count1[11]    ; count1[8]     ; clk100khz  ; clk100khz ; None                        ; None                      ; 5.238 ns                ;
; N/A                                     ; 193.39 MHz ( period = 5.171 ns )                    ; count1[11]    ; count1[12]    ; clk100khz  ; clk100khz ; None                        ; None                      ; 5.237 ns                ;
; N/A                                     ; 193.42 MHz ( period = 5.170 ns )                    ; count1[11]    ; count1[9]     ; clk100khz  ; clk100khz ; None                        ; None                      ; 5.236 ns                ;
; N/A                                     ; 193.46 MHz ( period = 5.169 ns )                    ; count1[11]    ; clk2          ; clk100khz  ; clk100khz ; None                        ; None                      ; 5.235 ns                ;
; N/A                                     ; 193.91 MHz ( period = 5.157 ns )                    ; count1[2]     ; count[6]      ; clk100khz  ; clk100khz ; None                        ; None                      ; 4.853 ns                ;
; N/A                                     ; 194.40 MHz ( period = 5.144 ns )                    ; count1[11]    ; count1[3]     ; clk100khz  ; clk100khz ; None                        ; None                      ; 4.880 ns                ;
; N/A                                     ; 194.97 MHz ( period = 5.129 ns )                    ; count1[1]     ; count1[7]     ; clk100khz  ; clk100khz ; None                        ; None                      ; 4.865 ns                ;
; N/A                                     ; 195.62 MHz ( period = 5.112 ns )                    ; count1[2]     ; count1[8]     ; clk100khz  ; clk100khz ; None                        ; None                      ; 5.178 ns                ;
; N/A                                     ; 195.69 MHz ( period = 5.110 ns )                    ; count1[2]     ; count1[12]    ; clk100khz  ; clk100khz ; None                        ; None                      ; 5.176 ns                ;
; N/A                                     ; 195.73 MHz ( period = 5.109 ns )                    ; count1[2]     ; count1[9]     ; clk100khz  ; clk100khz ; None                        ; None                      ; 5.175 ns                ;
; N/A                                     ; 195.73 MHz ( period = 5.109 ns )                    ; count1[2]     ; clk2          ; clk100khz  ; clk100khz ; None                        ; None                      ; 5.175 ns                ;
; N/A                                     ; 196.04 MHz ( period = 5.101 ns )                    ; count[13]     ; count[15]     ; clk100khz  ; clk100khz ; None                        ; None                      ; 5.212 ns                ;
; N/A                                     ; 196.12 MHz ( period = 5.099 ns )                    ; count[13]     ; count[8]      ; clk100khz  ; clk100khz ; None                        ; None                      ; 5.210 ns                ;
; N/A                                     ; 196.12 MHz ( period = 5.099 ns )                    ; count[13]     ; count[9]      ; clk100khz  ; clk100khz ; None                        ; None                      ; 5.210 ns                ;
; N/A                                     ; 196.12 MHz ( period = 5.099 ns )                    ; count[13]     ; clk1          ; clk100khz  ; clk100khz ; None                        ; None                      ; 5.210 ns                ;
; N/A                                     ; 196.16 MHz ( period = 5.098 ns )                    ; count[13]     ; count[14]     ; clk100khz  ; clk100khz ; None                        ; None                      ; 5.209 ns                ;
; N/A                                     ; 197.63 MHz ( period = 5.060 ns )                    ; count1[1]     ; count[15]     ; clk100khz  ; clk100khz ; None                        ; None                      ; 5.126 ns                ;
; N/A                                     ; 198.65 MHz ( period = 5.034 ns )                    ; count[13]     ; count[6]      ; clk100khz  ; clk100khz ; None                        ; None                      ; 4.775 ns                ;
; N/A                                     ; 199.64 MHz ( period = 5.009 ns )                    ; count[15]     ; count[15]     ; clk100khz  ; clk100khz ; None                        ; None                      ; 4.745 ns                ;
; N/A                                     ; 199.72 MHz ( period = 5.007 ns )                    ; count[15]     ; count[8]      ; clk100khz  ; clk100khz ; None                        ; None                      ; 4.743 ns                ;
; N/A                                     ; 199.72 MHz ( period = 5.007 ns )                    ; count[15]     ; count[9]      ; clk100khz  ; clk100khz ; None                        ; None                      ; 4.743 ns                ;
; N/A                                     ; 199.72 MHz ( period = 5.007 ns )                    ; count[15]     ; clk1          ; clk100khz  ; clk100khz ; None                        ; None                      ; 4.743 ns                ;
; N/A                                     ; 199.76 MHz ( period = 5.006 ns )                    ; count[15]     ; count[14]     ; clk100khz  ; clk100khz ; None                        ; None                      ; 4.742 ns                ;
; N/A                                     ; 201.05 MHz ( period = 4.974 ns )                    ; count1[1]     ; count[8]      ; clk100khz  ; clk100khz ; None                        ; None                      ; 5.040 ns                ;
; N/A                                     ; 201.05 MHz ( period = 4.974 ns )                    ; count1[1]     ; count[9]      ; clk100khz  ; clk100khz ; None                        ; None                      ; 5.040 ns                ;
; N/A                                     ; 201.05 MHz ( period = 4.974 ns )                    ; count1[1]     ; clk1          ; clk100khz  ; clk100khz ; None                        ; None                      ; 5.040 ns                ;
; N/A                                     ; 201.41 MHz ( period = 4.965 ns )                    ; count1[0]     ; count1[3]     ; clk100khz  ; clk100khz ; None                        ; None                      ; 4.701 ns                ;
; N/A                                     ; 201.73 MHz ( period = 4.957 ns )                    ; count1[1]     ; count[25]     ; clk100khz  ; clk100khz ; None                        ; None                      ; 4.648 ns                ;
; N/A                                     ; 202.35 MHz ( period = 4.942 ns )                    ; count[15]     ; count[6]      ; clk100khz  ; clk100khz ; None                        ; None                      ; 4.308 ns                ;
; N/A                                     ; 202.63 MHz ( period = 4.935 ns )                    ; count1[0]     ; count[25]     ; clk100khz  ; clk100khz ; None                        ; None                      ; 4.626 ns                ;
; N/A                                     ; 203.13 MHz ( period = 4.923 ns )                    ; count1[25]    ; count1[7]     ; clk100khz  ; clk100khz ; None                        ; None                      ; 4.664 ns                ;
; N/A                                     ; 203.71 MHz ( period = 4.909 ns )                    ; count1[1]     ; count[6]      ; clk100khz  ; clk100khz ; None                        ; None                      ; 4.605 ns                ;
; N/A                                     ; 204.04 MHz ( period = 4.901 ns )                    ; count1[2]     ; count1[3]     ; clk100khz  ; clk100khz ; None                        ; None                      ; 4.637 ns                ;
; N/A                                     ; 205.04 MHz ( period = 4.877 ns )                    ; count1[2]     ; count[25]     ; clk100khz  ; clk100khz ; None                        ; None                      ; 4.568 ns                ;
; N/A                                     ; 205.30 MHz ( period = 4.871 ns )                    ; count1[1]     ; count[24]     ; clk100khz  ; clk100khz ; None                        ; None                      ; 4.562 ns                ;
; N/A                                     ; 205.63 MHz ( period = 4.863 ns )                    ; count1[1]     ; count1[8]     ; clk100khz  ; clk100khz ; None                        ; None                      ; 4.929 ns                ;
; N/A                                     ; 205.72 MHz ( period = 4.861 ns )                    ; count1[1]     ; count1[12]    ; clk100khz  ; clk100khz ; None                        ; None                      ; 4.927 ns                ;
; N/A                                     ; 205.76 MHz ( period = 4.860 ns )                    ; count1[1]     ; count1[9]     ; clk100khz  ; clk100khz ; None                        ; None                      ; 4.926 ns                ;
; N/A                                     ; 205.76 MHz ( period = 4.860 ns )                    ; count1[1]     ; clk2          ; clk100khz  ; clk100khz ; None                        ; None                      ; 4.926 ns                ;
; N/A                                     ; 206.23 MHz ( period = 4.849 ns )                    ; count1[0]     ; count[24]     ; clk100khz  ; clk100khz ; None                        ; None                      ; 4.540 ns                ;
; N/A                                     ; 206.70 MHz ( period = 4.838 ns )                    ; count[16]     ; count[4]      ; clk100khz  ; clk100khz ; None                        ; None                      ; 4.579 ns                ;
; N/A                                     ; 208.72 MHz ( period = 4.791 ns )                    ; count1[2]     ; count[24]     ; clk100khz  ; clk100khz ; None                        ; None                      ; 4.482 ns                ;
; N/A                                     ; 208.77 MHz ( period = 4.790 ns )                    ; count1[0]     ; count[4]      ; clk100khz  ; clk100khz ; None                        ; None                      ; 4.486 ns                ;
; N/A                                     ; 208.99 MHz ( period = 4.785 ns )                    ; count1[1]     ; count[23]     ; clk100khz  ; clk100khz ; None                        ; None                      ; 4.476 ns                ;
; N/A                                     ; 209.25 MHz ( period = 4.779 ns )                    ; count1[10]    ; count1[8]     ; clk100khz  ; clk100khz ; None                        ; None                      ; 4.845 ns                ;
; N/A                                     ; 209.29 MHz ( period = 4.778 ns )                    ; count1[10]    ; count1[12]    ; clk100khz  ; clk100khz ; None                        ; None                      ; 4.844 ns                ;
; N/A                                     ; 209.34 MHz ( period = 4.777 ns )                    ; count1[10]    ; count1[9]     ; clk100khz  ; clk100khz ; None                        ; None                      ; 4.843 ns                ;
; N/A                                     ; 209.38 MHz ( period = 4.776 ns )                    ; count1[10]    ; clk2          ; clk100khz  ; clk100khz ; None                        ; None                      ; 4.842 ns                ;
; N/A                                     ; 209.95 MHz ( period = 4.763 ns )                    ; count1[0]     ; count[23]     ; clk100khz  ; clk100khz ; None                        ; None                      ; 4.454 ns                ;
; N/A                                     ; 210.48 MHz ( period = 4.751 ns )                    ; count1[10]    ; count1[3]     ; clk100khz  ; clk100khz ; None                        ; None                      ; 4.487 ns                ;
; N/A                                     ; 211.46 MHz ( period = 4.729 ns )                    ; count1[6]     ; count1[8]     ; clk100khz  ; clk100khz ; None                        ; None                      ; 4.795 ns                ;
; N/A                                     ; 211.51 MHz ( period = 4.728 ns )                    ; count1[6]     ; count1[12]    ; clk100khz  ; clk100khz ; None                        ; None                      ; 4.794 ns                ;
; N/A                                     ; 211.55 MHz ( period = 4.727 ns )                    ; count1[6]     ; count1[9]     ; clk100khz  ; clk100khz ; None                        ; None                      ; 4.793 ns                ;
; N/A                                     ; 211.60 MHz ( period = 4.726 ns )                    ; count1[6]     ; clk2          ; clk100khz  ; clk100khz ; None                        ; None                      ; 4.792 ns                ;
; N/A                                     ; 211.64 MHz ( period = 4.725 ns )                    ; count1[2]     ; count[4]      ; clk100khz  ; clk100khz ; None                        ; None                      ; 4.421 ns                ;
; N/A                                     ; 211.86 MHz ( period = 4.720 ns )                    ; count1[11]    ; count1[7]     ; clk100khz  ; clk100khz ; None                        ; None                      ; 4.456 ns                ;
; N/A                                     ; 212.54 MHz ( period = 4.705 ns )                    ; count1[2]     ; count[23]     ; clk100khz  ; clk100khz ; None                        ; None                      ; 4.396 ns                ;
; N/A                                     ; 212.72 MHz ( period = 4.701 ns )                    ; count1[6]     ; count1[3]     ; clk100khz  ; clk100khz ; None                        ; None                      ; 4.437 ns                ;
; N/A                                     ; 212.81 MHz ( period = 4.699 ns )                    ; count1[1]     ; count[22]     ; clk100khz  ; clk100khz ; None                        ; None                      ; 4.390 ns                ;
; N/A                                     ; 212.90 MHz ( period = 4.697 ns )                    ; light[6]~reg0 ; flag.11       ; clk100khz  ; clk100khz ; None                        ; None                      ; 4.432 ns                ;
; N/A                                     ; 212.90 MHz ( period = 4.697 ns )                    ; light[6]~reg0 ; flag.10       ; clk100khz  ; clk100khz ; None                        ; None                      ; 4.432 ns                ;
; N/A                                     ; 213.81 MHz ( period = 4.677 ns )                    ; count1[0]     ; count[22]     ; clk100khz  ; clk100khz ; None                        ; None                      ; 4.368 ns                ;
; N/A                                     ; 214.73 MHz ( period = 4.657 ns )                    ; count1[25]    ; count1[8]     ; clk100khz  ; clk100khz ; None                        ; None                      ; 4.728 ns                ;
; N/A                                     ; 214.82 MHz ( period = 4.655 ns )                    ; count1[25]    ; count1[12]    ; clk100khz  ; clk100khz ; None                        ; None                      ; 4.726 ns                ;
; N/A                                     ; 214.87 MHz ( period = 4.654 ns )                    ; count1[25]    ; count1[9]     ; clk100khz  ; clk100khz ; None                        ; None                      ; 4.725 ns                ;
; N/A                                     ; 214.87 MHz ( period = 4.654 ns )                    ; count1[25]    ; clk2          ; clk100khz  ; clk100khz ; None                        ; None                      ; 4.725 ns                ;
; N/A                                     ; 214.96 MHz ( period = 4.652 ns )                    ; count1[1]     ; count1[3]     ; clk100khz  ; clk100khz ; None                        ; None                      ; 4.388 ns                ;
; N/A                                     ; 215.01 MHz ( period = 4.651 ns )                    ; light[5]~reg0 ; flag.11       ; clk100khz  ; clk100khz ; None                        ; None                      ; 4.386 ns                ;
; N/A                                     ; 215.01 MHz ( period = 4.651 ns )                    ; light[5]~reg0 ; flag.10       ; clk100khz  ; clk100khz ; None                        ; None                      ; 4.386 ns                ;
; N/A                                     ; 215.66 MHz ( period = 4.637 ns )                    ; count[14]     ; count[15]     ; clk100khz  ; clk100khz ; None                        ; None                      ; 4.373 ns                ;
; N/A                                     ; 215.75 MHz ( period = 4.635 ns )                    ; count[14]     ; count[8]      ; clk100khz  ; clk100khz ; None                        ; None                      ; 4.371 ns                ;
; N/A                                     ; 215.75 MHz ( period = 4.635 ns )                    ; count[14]     ; count[9]      ; clk100khz  ; clk100khz ; None                        ; None                      ; 4.371 ns                ;
; N/A                                     ; 215.75 MHz ( period = 4.635 ns )                    ; count[14]     ; clk1          ; clk100khz  ; clk100khz ; None                        ; None                      ; 4.371 ns                ;
; N/A                                     ; 215.80 MHz ( period = 4.634 ns )                    ; count[14]     ; count[14]     ; clk100khz  ; clk100khz ; None                        ; None                      ; 4.370 ns                ;
; N/A                                     ; 215.84 MHz ( period = 4.633 ns )                    ; count[11]     ; count[4]      ; clk100khz  ; clk100khz ; None                        ; None                      ; 4.369 ns                ;
; N/A                                     ; 216.50 MHz ( period = 4.619 ns )                    ; count1[2]     ; count[22]     ; clk100khz  ; clk100khz ; None                        ; None                      ; 4.310 ns                ;
; N/A                                     ; 216.78 MHz ( period = 4.613 ns )                    ; count1[1]     ; count[21]     ; clk100khz  ; clk100khz ; None                        ; None                      ; 4.304 ns                ;
; N/A                                     ; 216.92 MHz ( period = 4.610 ns )                    ; light[4]~reg0 ; flag.11       ; clk100khz  ; clk100khz ; None                        ; None                      ; 4.345 ns                ;
; N/A                                     ; 216.92 MHz ( period = 4.610 ns )                    ; light[4]~reg0 ; flag.10       ; clk100khz  ; clk100khz ; None                        ; None                      ; 4.345 ns                ;
; N/A                                     ; 217.30 MHz ( period = 4.602 ns )                    ; count[13]     ; count[4]      ; clk100khz  ; clk100khz ; None                        ; None                      ; 4.343 ns                ;
; N/A                                     ; 217.82 MHz ( period = 4.591 ns )                    ; count1[0]     ; count[21]     ; clk100khz  ; clk100khz ; None                        ; None                      ; 4.282 ns                ;
; N/A                                     ; 218.82 MHz ( period = 4.570 ns )                    ; count[14]     ; count[6]      ; clk100khz  ; clk100khz ; None                        ; None                      ; 3.936 ns                ;
; N/A                                     ; 219.11 MHz ( period = 4.564 ns )                    ; count1[12]    ; count1[8]     ; clk100khz  ; clk100khz ; None                        ; None                      ; 4.300 ns                ;
; N/A                                     ; 219.15 MHz ( period = 4.563 ns )                    ; count1[12]    ; count1[12]    ; clk100khz  ; clk100khz ; None                        ; None                      ; 4.299 ns                ;
; N/A                                     ; 219.20 MHz ( period = 4.562 ns )                    ; count1[12]    ; count1[9]     ; clk100khz  ; clk100khz ; None                        ; None                      ; 4.298 ns                ;
; N/A                                     ; 219.25 MHz ( period = 4.561 ns )                    ; count1[12]    ; clk2          ; clk100khz  ; clk100khz ; None                        ; None                      ; 4.297 ns                ;
; N/A                                     ; 220.17 MHz ( period = 4.542 ns )                    ; count1[8]     ; count1[25]    ; clk100khz  ; clk100khz ; None                        ; None                      ; 3.943 ns                ;
; N/A                                     ; 220.46 MHz ( period = 4.536 ns )                    ; count1[12]    ; count1[3]     ; clk100khz  ; clk100khz ; None                        ; None                      ; 3.942 ns                ;
; N/A                                     ; 220.60 MHz ( period = 4.533 ns )                    ; count1[2]     ; count[21]     ; clk100khz  ; clk100khz ; None                        ; None                      ; 4.224 ns                ;
; N/A                                     ; 221.48 MHz ( period = 4.515 ns )                    ; count1[7]     ; count1[8]     ; clk100khz  ; clk100khz ; None                        ; None                      ; 4.581 ns                ;
; N/A                                     ; 221.53 MHz ( period = 4.514 ns )                    ; count1[7]     ; count1[12]    ; clk100khz  ; clk100khz ; None                        ; None                      ; 4.580 ns                ;
; N/A                                     ; 221.58 MHz ( period = 4.513 ns )                    ; count1[7]     ; count1[9]     ; clk100khz  ; clk100khz ; None                        ; None                      ; 4.579 ns                ;
; N/A                                     ; 221.63 MHz ( period = 4.512 ns )                    ; count1[7]     ; clk2          ; clk100khz  ; clk100khz ; None                        ; None                      ; 4.578 ns                ;
; N/A                                     ; 221.73 MHz ( period = 4.510 ns )                    ; count[15]     ; count[4]      ; clk100khz  ; clk100khz ; None                        ; None                      ; 3.876 ns                ;
; N/A                                     ; 222.67 MHz ( period = 4.491 ns )                    ; count1[9]     ; count1[25]    ; clk100khz  ; clk100khz ; None                        ; None                      ; 3.892 ns                ;
; N/A                                     ; 222.87 MHz ( period = 4.487 ns )                    ; count1[7]     ; count1[3]     ; clk100khz  ; clk100khz ; None                        ; None                      ; 4.223 ns                ;
; N/A                                     ; 223.36 MHz ( period = 4.477 ns )                    ; count1[1]     ; count[4]      ; clk100khz  ; clk100khz ; None                        ; None                      ; 4.173 ns                ;
; N/A                                     ; 223.76 MHz ( period = 4.469 ns )                    ; count[9]      ; count[4]      ; clk100khz  ; clk100khz ; None                        ; None                      ; 3.835 ns                ;
; N/A                                     ; 224.42 MHz ( period = 4.456 ns )                    ; count1[8]     ; count1[24]    ; clk100khz  ; clk100khz ; None                        ; None                      ; 3.857 ns                ;
; N/A                                     ; 224.92 MHz ( period = 4.446 ns )                    ; count1[25]    ; count1[3]     ; clk100khz  ; clk100khz ; None                        ; None                      ; 4.187 ns                ;
; N/A                                     ; 226.09 MHz ( period = 4.423 ns )                    ; count1[1]     ; count[20]     ; clk100khz  ; clk100khz ; None                        ; None                      ; 4.114 ns                ;
; N/A                                     ; 226.35 MHz ( period = 4.418 ns )                    ; count[8]      ; count[14]     ; clk100khz  ; clk100khz ; None                        ; None                      ; 4.154 ns                ;
; N/A                                     ; 227.01 MHz ( period = 4.405 ns )                    ; count1[9]     ; count1[24]    ; clk100khz  ; clk100khz ; None                        ; None                      ; 3.806 ns                ;
; N/A                                     ; 227.22 MHz ( period = 4.401 ns )                    ; count1[0]     ; count[20]     ; clk100khz  ; clk100khz ; None                        ; None                      ; 4.092 ns                ;
; N/A                                     ; 228.15 MHz ( period = 4.383 ns )                    ; count[11]     ; count[6]      ; clk100khz  ; clk100khz ; None                        ; None                      ; 4.119 ns                ;
; N/A                                     ; 228.57 MHz ( period = 4.375 ns )                    ; count1[8]     ; count1[12]    ; clk100khz  ; clk100khz ; None                        ; None                      ; 4.111 ns                ;
; N/A                                     ; 228.83 MHz ( period = 4.370 ns )                    ; count1[8]     ; count1[23]    ; clk100khz  ; clk100khz ; None                        ; None                      ; 3.771 ns                ;
; N/A                                     ; 228.99 MHz ( period = 4.367 ns )                    ; b             ; clk           ; clk100khz  ; clk100khz ; None                        ; None                      ; 0.744 ns                ;
; N/A                                     ; 229.41 MHz ( period = 4.359 ns )                    ; count1[21]    ; count1[7]     ; clk100khz  ; clk100khz ; None                        ; None                      ; 4.100 ns                ;
; N/A                                     ; 229.52 MHz ( period = 4.357 ns )                    ; count[9]      ; count[14]     ; clk100khz  ; clk100khz ; None                        ; None                      ; 4.093 ns                ;
; N/A                                     ; 229.83 MHz ( period = 4.351 ns )                    ; count[3]      ; count[14]     ; clk100khz  ; clk100khz ; None                        ; None                      ; 4.457 ns                ;
; N/A                                     ; 230.26 MHz ( period = 4.343 ns )                    ; count1[2]     ; count[20]     ; clk100khz  ; clk100khz ; None                        ; None                      ; 4.034 ns                ;
; N/A                                     ; 230.57 MHz ( period = 4.337 ns )                    ; count1[0]     ; count1[25]    ; clk100khz  ; clk100khz ; None                        ; None                      ; 4.068 ns                ;
; N/A                                     ; 230.57 MHz ( period = 4.337 ns )                    ; count1[1]     ; count[19]     ; clk100khz  ; clk100khz ; None                        ; None                      ; 4.028 ns                ;
; N/A                                     ; 230.95 MHz ( period = 4.330 ns )                    ; count1[22]    ; count1[7]     ; clk100khz  ; clk100khz ; None                        ; None                      ; 4.071 ns                ;
; N/A                                     ; 231.11 MHz ( period = 4.327 ns )                    ; count1[10]    ; count1[7]     ; clk100khz  ; clk100khz ; None                        ; None                      ; 4.063 ns                ;
; N/A                                     ; 231.27 MHz ( period = 4.324 ns )                    ; count1[9]     ; count1[12]    ; clk100khz  ; clk100khz ; None                        ; None                      ; 4.060 ns                ;
; N/A                                     ; 231.54 MHz ( period = 4.319 ns )                    ; count1[9]     ; count1[23]    ; clk100khz  ; clk100khz ; None                        ; None                      ; 3.720 ns                ;
; N/A                                     ; 231.54 MHz ( period = 4.319 ns )                    ; count[25]     ; count[15]     ; clk100khz  ; clk100khz ; None                        ; None                      ; 4.430 ns                ;
; N/A                                     ; 231.64 MHz ( period = 4.317 ns )                    ; count[25]     ; count[8]      ; clk100khz  ; clk100khz ; None                        ; None                      ; 4.428 ns                ;
; N/A                                     ; 231.64 MHz ( period = 4.317 ns )                    ; count[25]     ; count[9]      ; clk100khz  ; clk100khz ; None                        ; None                      ; 4.428 ns                ;
; N/A                                     ; 231.64 MHz ( period = 4.317 ns )                    ; count[25]     ; clk1          ; clk100khz  ; clk100khz ; None                        ; None                      ; 4.428 ns                ;
; N/A                                     ; 231.70 MHz ( period = 4.316 ns )                    ; count[25]     ; count[14]     ; clk100khz  ; clk100khz ; None                        ; None                      ; 4.427 ns                ;
; N/A                                     ; 231.75 MHz ( period = 4.315 ns )                    ; count1[0]     ; count[19]     ; clk100khz  ; clk100khz ; None                        ; None                      ; 4.006 ns                ;
; N/A                                     ; 233.43 MHz ( period = 4.284 ns )                    ; count1[8]     ; count1[22]    ; clk100khz  ; clk100khz ; None                        ; None                      ; 3.685 ns                ;
; N/A                                     ; 233.81 MHz ( period = 4.277 ns )                    ; count1[6]     ; count1[7]     ; clk100khz  ; clk100khz ; None                        ; None                      ; 4.013 ns                ;
; N/A                                     ; 233.92 MHz ( period = 4.275 ns )                    ; count[11]     ; count[8]      ; clk100khz  ; clk100khz ; None                        ; None                      ; 4.381 ns                ;
; N/A                                     ; 234.03 MHz ( period = 4.273 ns )                    ; count[11]     ; count[14]     ; clk100khz  ; clk100khz ; None                        ; None                      ; 4.379 ns                ;
; N/A                                     ; 234.03 MHz ( period = 4.273 ns )                    ; count[11]     ; clk1          ; clk100khz  ; clk100khz ; None                        ; None                      ; 4.379 ns                ;
; N/A                                     ; 234.14 MHz ( period = 4.271 ns )                    ; count[11]     ; count[9]      ; clk100khz  ; clk100khz ; None                        ; None                      ; 4.377 ns                ;
; N/A                                     ; 234.14 MHz ( period = 4.271 ns )                    ; count[11]     ; count[15]     ; clk100khz  ; clk100khz ; None                        ; None                      ; 4.377 ns                ;
; N/A                                     ; 234.91 MHz ( period = 4.257 ns )                    ; count1[2]     ; count[19]     ; clk100khz  ; clk100khz ; None                        ; None                      ; 3.948 ns                ;
; N/A                                     ; 235.18 MHz ( period = 4.252 ns )                    ; count[25]     ; count[6]      ; clk100khz  ; clk100khz ; None                        ; None                      ; 3.993 ns                ;
; N/A                                     ; 235.24 MHz ( period = 4.251 ns )                    ; count1[0]     ; count1[24]    ; clk100khz  ; clk100khz ; None                        ; None                      ; 3.982 ns                ;
; N/A                                     ; 235.24 MHz ( period = 4.251 ns )                    ; count1[1]     ; count[18]     ; clk100khz  ; clk100khz ; None                        ; None                      ; 3.942 ns                ;
; N/A                                     ; 235.40 MHz ( period = 4.248 ns )                    ; light[6]~reg0 ; light[7]~reg0 ; clk100khz  ; clk100khz ; None                        ; None                      ; 3.984 ns                ;
; N/A                                     ; 235.74 MHz ( period = 4.242 ns )                    ; count[8]      ; count[15]     ; clk100khz  ; clk100khz ; None                        ; None                      ; 3.978 ns                ;
; N/A                                     ; 236.24 MHz ( period = 4.233 ns )                    ; count1[9]     ; count1[22]    ; clk100khz  ; clk100khz ; None                        ; None                      ; 3.634 ns                ;
; N/A                                     ; 236.46 MHz ( period = 4.229 ns )                    ; count1[0]     ; count[18]     ; clk100khz  ; clk100khz ; None                        ; None                      ; 3.920 ns                ;
; N/A                                     ; 236.57 MHz ( period = 4.227 ns )                    ; count[4]      ; count[14]     ; clk100khz  ; clk100khz ; None                        ; None                      ; 4.333 ns                ;
; N/A                                     ; 237.02 MHz ( period = 4.219 ns )                    ; count[9]      ; count[6]      ; clk100khz  ; clk100khz ; None                        ; None                      ; 3.585 ns                ;
; N/A                                     ; 237.30 MHz ( period = 4.214 ns )                    ; count1[12]    ; count1[25]    ; clk100khz  ; clk100khz ; None                        ; None                      ; 3.615 ns                ;
; N/A                                     ; 237.76 MHz ( period = 4.206 ns )                    ; count1[1]     ; count1[25]    ; clk100khz  ; clk100khz ; None                        ; None                      ; 3.937 ns                ;
; N/A                                     ; 238.10 MHz ( period = 4.200 ns )                    ; count1[13]    ; count1[7]     ; clk100khz  ; clk100khz ; None                        ; None                      ; 3.941 ns                ;
; N/A                                     ; 238.21 MHz ( period = 4.198 ns )                    ; count1[8]     ; count1[21]    ; clk100khz  ; clk100khz ; None                        ; None                      ; 3.599 ns                ;
; N/A                                     ; 239.18 MHz ( period = 4.181 ns )                    ; count[9]      ; count[15]     ; clk100khz  ; clk100khz ; None                        ; None                      ; 3.917 ns                ;
; N/A                                     ; 239.52 MHz ( period = 4.175 ns )                    ; count[3]      ; count[15]     ; clk100khz  ; clk100khz ; None                        ; None                      ; 4.281 ns                ;
; N/A                                     ; 239.52 MHz ( period = 4.175 ns )                    ; light[7]~reg0 ; flag.11       ; clk100khz  ; clk100khz ; None                        ; None                      ; 3.910 ns                ;
; N/A                                     ; 239.52 MHz ( period = 4.175 ns )                    ; light[7]~reg0 ; flag.10       ; clk100khz  ; clk100khz ; None                        ; None                      ; 3.910 ns                ;
; N/A                                     ; 239.58 MHz ( period = 4.174 ns )                    ; count1[23]    ; count1[7]     ; clk100khz  ; clk100khz ; None                        ; None                      ; 3.915 ns                ;
; N/A                                     ; 239.58 MHz ( period = 4.174 ns )                    ; count1[15]    ; count1[7]     ; clk100khz  ; clk100khz ; None                        ; None                      ; 3.915 ns                ;
; N/A                                     ; 239.75 MHz ( period = 4.171 ns )                    ; count1[2]     ; count[18]     ; clk100khz  ; clk100khz ; None                        ; None                      ; 3.862 ns                ;
; N/A                                     ; 240.04 MHz ( period = 4.166 ns )                    ; count1[2]     ; count1[25]    ; clk100khz  ; clk100khz ; None                        ; None                      ; 3.897 ns                ;
; N/A                                     ; 240.10 MHz ( period = 4.165 ns )                    ; count1[0]     ; count1[23]    ; clk100khz  ; clk100khz ; None                        ; None                      ; 3.896 ns                ;
; N/A                                     ; 240.10 MHz ( period = 4.165 ns )                    ; count1[1]     ; count[17]     ; clk100khz  ; clk100khz ; None                        ; None                      ; 3.856 ns                ;
; N/A                                     ; 241.14 MHz ( period = 4.147 ns )                    ; count1[9]     ; count1[21]    ; clk100khz  ; clk100khz ; None                        ; None                      ; 3.548 ns                ;
; N/A                                     ; 241.37 MHz ( period = 4.143 ns )                    ; count1[0]     ; count[17]     ; clk100khz  ; clk100khz ; None                        ; None                      ; 3.834 ns                ;
; N/A                                     ; 241.60 MHz ( period = 4.139 ns )                    ; count[8]      ; count[25]     ; clk100khz  ; clk100khz ; None                        ; None                      ; 3.500 ns                ;
; N/A                                     ; 241.66 MHz ( period = 4.138 ns )                    ; count[14]     ; count[4]      ; clk100khz  ; clk100khz ; None                        ; None                      ; 3.504 ns                ;
; N/A                                     ; 242.13 MHz ( period = 4.130 ns )                    ; count[21]     ; count[15]     ; clk100khz  ; clk100khz ; None                        ; None                      ; 4.241 ns                ;
; N/A                                     ; 242.25 MHz ( period = 4.128 ns )                    ; count1[12]    ; count1[24]    ; clk100khz  ; clk100khz ; None                        ; None                      ; 3.529 ns                ;
; N/A                                     ; 242.25 MHz ( period = 4.128 ns )                    ; count[21]     ; count[8]      ; clk100khz  ; clk100khz ; None                        ; None                      ; 4.239 ns                ;
; N/A                                     ; 242.25 MHz ( period = 4.128 ns )                    ; count[21]     ; count[9]      ; clk100khz  ; clk100khz ; None                        ; None                      ; 4.239 ns                ;
; N/A                                     ; 242.25 MHz ( period = 4.128 ns )                    ; count[21]     ; clk1          ; clk100khz  ; clk100khz ; None                        ; None                      ; 4.239 ns                ;
; N/A                                     ; 242.31 MHz ( period = 4.127 ns )                    ; count[21]     ; count[14]     ; clk100khz  ; clk100khz ; None                        ; None                      ; 4.238 ns                ;
; N/A                                     ; 242.72 MHz ( period = 4.120 ns )                    ; count1[1]     ; count1[24]    ; clk100khz  ; clk100khz ; None                        ; None                      ; 3.851 ns                ;
; Timing analysis restricted to 200 rows. ; To change the limit use Settings (Assignments menu) ;               ;               ;            ;           ;                             ;                           ;                         ;
+-----------------------------------------+-----------------------------------------------------+---------------+---------------+------------+-----------+-----------------------------+---------------------------+-------------------------+


+---------------------------------------------------------------------------+
; tco                                                                       ;
+-------+--------------+------------+---------------+----------+------------+
; Slack ; Required tco ; Actual tco ; From          ; To       ; From Clock ;
+-------+--------------+------------+---------------+----------+------------+
; N/A   ; None         ; 12.131 ns  ; light[5]~reg0 ; light[5] ; clk100khz  ;
; N/A   ; None         ; 12.076 ns  ; light[1]~reg0 ; light[1] ; clk100khz  ;
; N/A   ; None         ; 12.068 ns  ; light[0]~reg0 ; light[0] ; clk100khz  ;
; N/A   ; None         ; 12.060 ns  ; light[7]~reg0 ; light[7] ; clk100khz  ;
; N/A   ; None         ; 12.058 ns  ; light[6]~reg0 ; light[6] ; clk100khz  ;
; N/A   ; None         ; 12.052 ns  ; light[4]~reg0 ; light[4] ; clk100khz  ;
; N/A   ; None         ; 11.683 ns  ; light[3]~reg0 ; light[3] ; clk100khz  ;
; N/A   ; None         ; 11.682 ns  ; light[2]~reg0 ; light[2] ; clk100khz  ;
+-------+--------------+------------+---------------+----------+------------+


+--------------------------+
; Timing Analyzer Messages ;
+--------------------------+
Info: *******************************************************************
Info: Running Quartus II Timing Analyzer
    Info: Version 5.1 Build 176 10/26/2005 SJ Full Version
    Info: Processing started: Thu May 31 15:45:01 2018
Info: Command: quartus_tan --read_settings_files=off --write_settings_files=off light -c light --timing_analysis_only
Warning: Found pins functioning as undefined clocks and/or memory enables
    Info: Assuming node "clk100khz" is an undefined clock
Warning: Found 1 node(s) in clock paths which may be acting as ripple and/or gated clocks -- node(s) analyzed as buffer(s) resulting in clock skew
    Info: Detected ripple clock "clk" as buffer
Info: Clock "clk100khz" has Internal fmax of 102.27 MHz between source register "flag.01" and destination register "flag.11" (period= 9.778 ns)
    Info: + Longest register to register delay is 9.514 ns
        Info: 1: + IC(0.000 ns) + CELL(0.000 ns) = 0.000 ns; Loc. = LCFF_X13_Y1_N7; Fanout = 12; REG Node = 'flag.01'
        Info: 2: + IC(0.802 ns) + CELL(0.624 ns) = 1.426 ns; Loc. = LCCOMB_X13_Y1_N22; Fanout = 3; COMB Node = 'flag~485'
        Info: 3: + IC(3.093 ns) + CELL(0.623 ns) = 5.142 ns; Loc. = LCCOMB_X24_Y10_N16; Fanout = 1; COMB Node = 'flag~487'
        Info: 4: + IC(2.658 ns) + CELL(0.537 ns) = 8.337 ns; Loc. = LCCOMB_X13_Y1_N10; Fanout = 2; COMB Node = 'flag~488'
        Info: 5: + IC(0.322 ns) + CELL(0.855 ns) = 9.514 ns; Loc. = LCFF_X13_Y1_N27; Fanout = 3; REG Node = 'flag.11'
        Info: Total cell delay = 2.639 ns ( 27.74 % )
        Info: Total interconnect delay = 6.875 ns ( 72.26 % )
    Info: - Smallest clock skew is 0.000 ns
        Info: + Shortest clock path from clock "clk100khz" to destination register is 7.229 ns
            Info: 1: + IC(0.000 ns) + CELL(0.944 ns) = 0.944 ns; Loc. = PIN_70; Fanout = 52; CLK Node = 'clk100khz'
            Info: 2: + IC(2.266 ns) + CELL(0.970 ns) = 4.180 ns; Loc. = LCFF_X24_Y10_N19; Fanout = 1; REG Node = 'clk'
            Info: 3: + IC(1.532 ns) + CELL(0.000 ns) = 5.712 ns; Loc. = CLKCTRL_G6; Fanout = 13; COMB Node = 'clk~clkctrl'
            Info: 4: + IC(0.851 ns) + CELL(0.666 ns) = 7.229 ns; Loc. = LCFF_X13_Y1_N27; Fanout = 3; REG Node = 'flag.11'
            Info: Total cell delay = 2.580 ns ( 35.69 % )
            Info: Total interconnect delay = 4.649 ns ( 64.31 % )
        Info: - Longest clock path from clock "clk100khz" to source register is 7.229 ns
            Info: 1: + IC(0.000 ns) + CELL(0.944 ns) = 0.944 ns; Loc. = PIN_70; Fanout = 52; CLK Node = 'clk100khz'
            Info: 2: + IC(2.266 ns) + CELL(0.970 ns) = 4.180 ns; Loc. = LCFF_X24_Y10_N19; Fanout = 1; REG Node = 'clk'
            Info: 3: + IC(1.532 ns) + CELL(0.000 ns) = 5.712 ns; Loc. = CLKCTRL_G6; Fanout = 13; COMB Node = 'clk~clkctrl'
            Info: 4: + IC(0.851 ns) + CELL(0.666 ns) = 7.229 ns; Loc. = LCFF_X13_Y1_N7; Fanout = 12; REG Node = 'flag.01'
            Info: Total cell delay = 2.580 ns ( 35.69 % )
            Info: Total interconnect delay = 4.649 ns ( 64.31 % )
    Info: + Micro clock to output delay of source is 0.304 ns
    Info: + Micro setup delay of destination is -0.040 ns
Info: tco from clock "clk100khz" to destination pin "light[5]" through register "light[5]~reg0" is 12.131 ns
    Info: + Longest clock path from clock "clk100khz" to source register is 7.230 ns
        Info: 1: + IC(0.000 ns) + CELL(0.944 ns) = 0.944 ns; Loc. = PIN_70; Fanout = 52; CLK Node = 'clk100khz'
        Info: 2: + IC(2.266 ns) + CELL(0.970 ns) = 4.180 ns; Loc. = LCFF_X24_Y10_N19; Fanout = 1; REG Node = 'clk'
        Info: 3: + IC(1.532 ns) + CELL(0.000 ns) = 5.712 ns; Loc. = CLKCTRL_G6; Fanout = 13; COMB Node = 'clk~clkctrl'
        Info: 4: + IC(0.852 ns) + CELL(0.666 ns) = 7.230 ns; Loc. = LCFF_X12_Y1_N13; Fanout = 4; REG Node = 'light[5]~reg0'
        Info: Total cell delay = 2.580 ns ( 35.68 % )
        Info: Total interconnect delay = 4.650 ns ( 64.32 % )
    Info: + Micro clock to output delay of source is 0.304 ns
    Info: + Longest register to pin delay is 4.597 ns
        Info: 1: + IC(0.000 ns) + CELL(0.000 ns) = 0.000 ns; Loc. = LCFF_X12_Y1_N13; Fanout = 4; REG Node = 'light[5]~reg0'
        Info: 2: + IC(1.381 ns) + CELL(3.216 ns) = 4.597 ns; Loc. = PIN_53; Fanout = 0; PIN Node = 'light[5]'
        Info: Total cell delay = 3.216 ns ( 69.96 % )
        Info: Total interconnect delay = 1.381 ns ( 30.04 % )
Info: Quartus II Timing Analyzer was successful. 0 errors, 2 warnings
    Info: Processing ended: Thu May 31 15:45:01 2018
    Info: Elapsed time: 00:00:00


